[8948:1] 2026-03-04 10:11:42.222 [0x1C60(3) InitializeLog] [SET_LOGPATH] %programdata%\Geni\Insights\logs\cmon.cmd.exe.log
[8948:1] 2026-03-04 10:11:42.222 [0x1C60(0) CxCommonApi::LogModuleInfo] [MODULE LOADING] ModuleName cmon64.dll, Version [2.0.0.1], ModulePath C:\Program Files\Geni\Insights\temp\cmon64.dll ModifiedTime 2025-07-15 14:49:00
[8948:1] 2026-03-04 10:11:42.224 [0x1C60(183) CxConsoleMonitor::Initialize] [Initialize]
[8948:1] 2026-03-04 10:11:42.224 [0x1C60(183) CxSensorPipeClient::Initialize] [Initialize]
[8948:1] 2026-03-04 10:11:42.224 [0x1C60(0) CxThreadPool::Initialize] Queue init : OutputQue 0, nThreadPoolSize : 1
[8948:1] 2026-03-04 10:11:42.224 [0x1C60(183) CxThreadPool::CreateThreadPool] Create 1 WorkerThread
[8948:1] 2026-03-04 10:11:42.224 [0x1C60(183) CxConsoleMonitor::InstallHook] [InstallHook]
[8948:1] 2026-03-04 10:11:42.224 [0x1C60(126) CxConsoleMonitor::xGetProcAddress] [GET_PROC_ADDR] ReadConsoleW from kernelbase.dll
[8948:1] 2026-03-04 10:11:42.224 [0x1C60(183) CxConsoleMonitor::InstallHook] [INSTALL_HOOK] ReadConsoleW : cmd.exe:8948
[8948:1] 2026-03-04 10:11:42.224 [0x1C60(183) CxConsoleMonitor::xGetProcAddress] [GET_PROC_ADDR] ReadConsoleInputW from kernelbase.dll
[8948:1] 2026-03-04 10:11:42.224 [0x1C60(183) CxConsoleMonitor::InstallHook] [INSTALL_HOOK] RealReadConsoleInputW : cmd.exe:8948
[8948:1] 2026-03-04 10:11:42.224 [0x1C60(183) CxConsoleMonitor::InstallHook] [SUCCESS]
[8948:1] 2026-03-04 10:11:42.224 [0x1C60(183) CxConsoleMonitor::GetCmonProfileInfo] [REQ_CMON_PROFILE] 
[8948:1] 2026-03-04 10:11:42.224 [0x1C60(0) CxConsoleMonitor::Initialize] [/Initialize] SUCCESS
[8948:1] 2026-03-04 10:11:42.232 [0x362C(5) CxThreadPool::ThreadEntry] Worker Thread begins
[8948:1] 2026-03-04 10:11:42.242 [0x362C(1) CxSensorPipeClient::SendJson] [SEND][ReqType:4] {
   "PID" : 8948,
   "ProcPath" : "C:\\Windows\\system32\\cmd.exe",
   "ReqType" : "xSensorRequestType_GetCmonProfile"
}

[8948:1] 2026-03-04 10:11:42.242 [0x362C(183) CxSensorPipeClient::SendJson] [RECV] {
   "MaxConsoleInputLength" : 1000
}

[8948:1] 2026-03-04 10:11:42.243 [0x362C(183) CxConsoleMonitor::PipeResponseCallback] [RES_CALLBACK]
[8948:1] 2026-03-04 10:11:42.244 [0x362C(183) CxConsoleMonitor::PipeResponseCallback] [CMON_PROFILE] MaxConsoleInputLength : 1000
[8948:1] 2026-03-04 10:11:42.438 [0x1C60(126) CxConsoleMonitor::Uninitialize] [Uninitialize]
[8948:1] 2026-03-04 10:11:42.438 [0x1C60(183) CxSensorPipeClient::Uninitialize] [Uninitialize]
[8948:1] 2026-03-04 10:11:42.438 [0x1C60(183) CxSensorPipeClient::Uninitialize] [/Uninitialize]
[8948:1] 2026-03-04 10:11:42.438 [0x1C60(183) CxConsoleMonitor::Uninitialize] [/Uninitialize] SUCCESS
